timestamp: 2018-01-04T15:31:12.309281
CREATE TABLE "auth_user"(
    "id" INTEGER PRIMARY KEY AUTOINCREMENT,
    "first_name" CHAR(128),
    "last_name" CHAR(128),
    "email" CHAR(512),
    "password" CHAR(512),
    "registration_key" CHAR(512),
    "reset_password_key" CHAR(512),
    "registration_id" CHAR(512)
);
success!
timestamp: 2018-01-04T15:31:12.359277
CREATE TABLE "auth_group"(
    "id" INTEGER PRIMARY KEY AUTOINCREMENT,
    "role" CHAR(512),
    "description" TEXT
);
success!
timestamp: 2018-01-04T15:31:12.388083
CREATE TABLE "auth_membership"(
    "id" INTEGER PRIMARY KEY AUTOINCREMENT,
    "user_id" INTEGER REFERENCES "auth_user" ("id") ON DELETE CASCADE  ,
    "group_id" INTEGER REFERENCES "auth_group" ("id") ON DELETE CASCADE  
);
success!
timestamp: 2018-01-04T15:31:12.418161
CREATE TABLE "auth_permission"(
    "id" INTEGER PRIMARY KEY AUTOINCREMENT,
    "group_id" INTEGER REFERENCES "auth_group" ("id") ON DELETE CASCADE  ,
    "name" CHAR(512),
    "table_name" CHAR(512),
    "record_id" INTEGER
);
success!
timestamp: 2018-01-04T15:31:12.458225
CREATE TABLE "auth_event"(
    "id" INTEGER PRIMARY KEY AUTOINCREMENT,
    "time_stamp" TIMESTAMP,
    "client_ip" CHAR(512),
    "user_id" INTEGER REFERENCES "auth_user" ("id") ON DELETE CASCADE  ,
    "origin" CHAR(512),
    "description" TEXT
);
success!
timestamp: 2018-01-04T15:31:12.499544
CREATE TABLE "auth_cas"(
    "id" INTEGER PRIMARY KEY AUTOINCREMENT,
    "user_id" INTEGER REFERENCES "auth_user" ("id") ON DELETE CASCADE  ,
    "created_on" TIMESTAMP,
    "service" CHAR(512),
    "ticket" CHAR(512),
    "renew" CHAR(1)
);
success!
timestamp: 2018-01-04T15:31:12.557360
CREATE TABLE "patentes"(
    "id" INTEGER PRIMARY KEY AUTOINCREMENT,
    "numero" CHAR(512),
    "rut" CHAR(512),
    "nombre" CHAR(512),
    "apellidoP" CHAR(512),
    "apellidoM" CHAR(512),
    "dirC" CHAR(512),
    "dirN" INTEGER,
    "comuna" CHAR(512),
    "telefono" INTEGER,
    "email" CHAR(512)
);
success!
timestamp: 2018-09-09T15:45:04.539254
CREATE TABLE "mensajes"(
    "id" INTEGER PRIMARY KEY AUTOINCREMENT,
    "mes" CHAR(512)
);
success!
timestamp: 2018-09-09T17:02:15.981177
ALTER TABLE "mensajes" ADD "mensaje" CHAR(512);
success!
success!
success!
success!
success!
